<?xml version="1.0" encoding="UTF-8"?><testsuite errors="1" failures="0" name="RetoUtest" skipped="0" tests="1" time="1.84" timestamp="2021-04-23 11:14:51"><testcase name="Fill out the registration form"><error message="Could not instantiate class org.openqa.selenium.chrome.ChromeDriver" type="net.thucydides.core.webdriver.DriverConfigurationError">Could not instantiate class org.openqa.selenium.chrome.ChromeDriver</error><system-err>Could not instantiate class org.openqa.selenium.chrome.ChromeDriver&#13;
co.com.choucair.certification.reto.tasks.OpenUp.performAs(OpenUp.java:19)&#13;
co.com.choucair.certification.reto.stepdefinitions.StepDefinitions.thanWalterWantsToBePartOfTheUtestCommunity(StepDefinitions.java:19)&#13;
cucumber.runner.Runner.runPickle(Runner.java:80)&#13;
</system-err></testcase></testsuite>